<?xml version="1.0" encoding="UTF-8"?>
<testsuites>
  <testsuite name="pricing calculator page scenarios" timestamp="2021-12-22T02:48:36" time="39.294" tests="1" failures="1" errors="1" skipped="0">
    <properties>
      <property name="specId" value="0"/>
      <property name="suiteName" value="pricing calculator page scenarios"/>
      <property name="capabilities" value="firefox.95_0_2.windows"/>
      <property name="file" value=".\test\specs\test4.js"/>
    </properties>
    <testcase classname="firefox.95_0_2.windows.pricing_calculator_page_scenarios" name="before all hook for pricing calculator page scenarios" time="37.156">
      <failure/>
      <error message="data did not match any variant of untagged enum FrameId at line 1 column 2750"/>
      <system-err><![CDATA[
invalid argument: data did not match any variant of untagged enum FrameId at line 1 column 2750
    at getErrorFromResponseBody (C:\Study\EPAM\Framework\node_modules\webdriver\build\utils.js:197:12)
    at NodeJSRequest._request (C:\Study\EPAM\Framework\node_modules\webdriver\build\request\index.js:158:60)
    at processTicksAndRejections (internal/process/task_queues.js:95:5)
    at async Browser.wrapCommandFn (C:\Study\EPAM\Framework\node_modules\@wdio\utils\build\shim.js:131:29)
    at async YopmailPage.switchToMailIFrame (C:\Study\EPAM\Framework\lib\yopmail_page.js:35:5)
    at async Context.<anonymous> (C:\Study\EPAM\Framework\test\specs\test4.js:54:5)
]]></system-err>
    </testcase>
  </testsuite>
</testsuites>