<?xml version="1.0" encoding="UTF-8"?>
<testsuites>
  <testsuite name="pricing calculator page scenarios" timestamp="2021-12-22T01:51:09" time="36.479" tests="1" failures="1" errors="1" skipped="0">
    <properties>
      <property name="specId" value="0"/>
      <property name="suiteName" value="pricing calculator page scenarios"/>
      <property name="capabilities" value="chrome.96_0_4664_110.windows"/>
      <property name="file" value=".\test\specs\test3.js"/>
    </properties>
    <testcase classname="chrome.96_0_4664_110.windows.pricing_calculator_page_scenarios" name="before all hook for pricing calculator page scenarios" time="35.802">
      <failure/>
      <error message="element (&quot;//md-option[contains(@id, &quot;select_option&quot;)]/div[contains(text(), &quot;n1-standard-8&quot;)]&quot;) still not existing after 20000ms"/>
      <system-err><![CDATA[
Error: element ("//md-option[contains(@id, "select_option")]/div[contains(text(), "n1-standard-8")]") still not existing after 20000ms
    at C:\Study\EPAM\Framework\node_modules\webdriverio\build\commands\browser\waitUntil.js:66:23
    at async Element.wrapCommandFn (C:\Study\EPAM\Framework\node_modules\@wdio\utils\build\shim.js:131:29)
    at async Element.elementErrorHandlerCallbackFn (C:\Study\EPAM\Framework\node_modules\webdriverio\build\middlewares.js:24:32)
    at async Element.wrapCommandFn (C:\Study\EPAM\Framework\node_modules\@wdio\utils\build\shim.js:131:29)
    at async Element.wrapCommandFn (C:\Study\EPAM\Framework\node_modules\@wdio\utils\build\shim.js:131:29)
    at async Element.elementErrorHandlerCallbackFn (C:\Study\EPAM\Framework\node_modules\webdriverio\build\middlewares.js:24:32)
    at async Element.wrapCommandFn (C:\Study\EPAM\Framework\node_modules\@wdio\utils\build\shim.js:131:29)
    at async PricingCalculatorPage.selectInstanceMachineType (C:\Study\EPAM\Framework\lib\pricing_calculator_page.js:108:5)
    at async Context.<anonymous> (C:\Study\EPAM\Framework\test\specs\test3.js:18:5)
]]></system-err>
    </testcase>
  </testsuite>
</testsuites>